# JRE version: Java(TM) SE Runtime Environment (8.0_111-b14) (build 1.8.0_111-b14)
# Java VM: Java HotSpot(TM) 64-Bit Server VM (25.111-b14 mixed mode windows-amd64 compressed oops)
Heap:
 PSYoungGen      total 36864K, used 8361K [0x00000000ebd00000, 0x00000000ef080000, 0x0000000100000000)
  eden space 32256K, 12% used [0x00000000ebd00000,0x00000000ec0d02f8,0x00000000edc80000)
  from space 4608K, 96% used [0x00000000edd80000,0x00000000ee1da170,0x00000000ee200000)
  to   space 10240K, 0% used [0x00000000ee680000,0x00000000ee680000,0x00000000ef080000)
 ParOldGen       total 44032K, used 30578K [0x00000000c3600000, 0x00000000c6100000, 0x00000000ebd00000)
  object space 44032K, 69% used [0x00000000c3600000,0x00000000c53dc890,0x00000000c6100000)
 Metaspace       used 36901K, capacity 37196K, committed 37544K, reserved 1083392K
  class space    used 4343K, capacity 4460K, committed 4528K, reserved 1048576K
GC Heap History (10 events):
Event: 608.798 GC heap before
{Heap before GC invocations=17 (full 1):
 PSYoungGen      total 25088K, used 18110K [0x00000000ebd00000, 0x00000000ee800000, 0x0000000100000000)
  eden space 15872K, 100% used [0x00000000ebd00000,0x00000000ecc80000,0x00000000ecc80000)
  from space 9216K, 24% used [0x00000000ecc80000,0x00000000eceaf860,0x00000000ed580000)
  to   space 9216K, 0% used [0x00000000edf00000,0x00000000edf00000,0x00000000ee800000)
 ParOldGen       total 37376K, used 17182K [0x00000000c3600000, 0x00000000c5a80000, 0x00000000ebd00000)
  object space 37376K, 45% used [0x00000000c3600000,0x00000000c46c7828,0x00000000c5a80000)
 Metaspace       used 30511K, capacity 30744K, committed 31024K, reserved 1077248K
  class space    used 3700K, capacity 3811K, committed 3888K, reserved 1048576K
Event: 608.804 GC heap after
Heap after GC invocations=17 (full 1):
 PSYoungGen      total 33792K, used 2689K [0x00000000ebd00000, 0x00000000ee700000, 0x0000000100000000)
  eden space 25600K, 0% used [0x00000000ebd00000,0x00000000ebd00000,0x00000000ed600000)
  from space 8192K, 32% used [0x00000000edf00000,0x00000000ee1a0468,0x00000000ee700000)
  to   space 8704K, 0% used [0x00000000ed600000,0x00000000ed600000,0x00000000ede80000)
 ParOldGen       total 37376K, used 19284K [0x00000000c3600000, 0x00000000c5a80000, 0x00000000ebd00000)
  object space 37376K, 51% used [0x00000000c3600000,0x00000000c48d51e8,0x00000000c5a80000)
 Metaspace       used 30511K, capacity 30744K, committed 31024K, reserved 1077248K
  class space    used 3700K, capacity 3811K, committed 3888K, reserved 1048576K
}
Event: 609.621 GC heap before
{Heap before GC invocations=18 (full 1):
 PSYoungGen      total 33792K, used 22153K [0x00000000ebd00000, 0x00000000ee700000, 0x0000000100000000)
  eden space 25600K, 76% used [0x00000000ebd00000,0x00000000ed002098,0x00000000ed600000)
  from space 8192K, 32% used [0x00000000edf00000,0x00000000ee1a0468,0x00000000ee700000)
  to   space 8704K, 0% used [0x00000000ed600000,0x00000000ed600000,0x00000000ede80000)
 ParOldGen       total 37376K, used 19284K [0x00000000c3600000, 0x00000000c5a80000, 0x00000000ebd00000)
  object space 37376K, 51% used [0x00000000c3600000,0x00000000c48d51e8,0x00000000c5a80000)
 Metaspace       used 35029K, capacity 35252K, committed 35496K, reserved 1081344K
  class space    used 4151K, capacity 4264K, committed 4272K, reserved 1048576K
Event: 609.626 GC heap after
Heap after GC invocations=18 (full 1):
 PSYoungGen      total 34304K, used 3469K [0x00000000ebd00000, 0x00000000ef000000, 0x0000000100000000)
  eden space 25600K, 0% used [0x00000000ebd00000,0x00000000ebd00000,0x00000000ed600000)
  from space 8704K, 39% used [0x00000000ed600000,0x00000000ed963590,0x00000000ede80000)
  to   space 8192K, 0% used [0x00000000ee800000,0x00000000ee800000,0x00000000ef000000)
 ParOldGen       total 37376K, used 19714K [0x00000000c3600000, 0x00000000c5a80000, 0x00000000ebd00000)
  object space 37376K, 52% used [0x00000000c3600000,0x00000000c4940ac8,0x00000000c5a80000)
 Metaspace       used 35029K, capacity 35252K, committed 35496K, reserved 1081344K
  class space    used 4151K, capacity 4264K, committed 4272K, reserved 1048576K
}
Event: 609.626 GC heap before
{Heap before GC invocations=19 (full 2):
 PSYoungGen      total 34304K, used 3469K [0x00000000ebd00000, 0x00000000ef000000, 0x0000000100000000)
  eden space 25600K, 0% used [0x00000000ebd00000,0x00000000ebd00000,0x00000000ed600000)
  from space 8704K, 39% used [0x00000000ed600000,0x00000000ed963590,0x00000000ede80000)
  to   space 8192K, 0% used [0x00000000ee800000,0x00000000ee800000,0x00000000ef000000)
 ParOldGen       total 37376K, used 19714K [0x00000000c3600000, 0x00000000c5a80000, 0x00000000ebd00000)
  object space 37376K, 52% used [0x00000000c3600000,0x00000000c4940ac8,0x00000000c5a80000)
 Metaspace       used 35029K, capacity 35252K, committed 35496K, reserved 1081344K
  class space    used 4151K, capacity 4264K, committed 4272K, reserved 1048576K
Event: 609.787 GC heap after
Heap after GC invocations=19 (full 2):
 PSYoungGen      total 34304K, used 0K [0x00000000ebd00000, 0x00000000ef000000, 0x0000000100000000)
  eden space 25600K, 0% used [0x00000000ebd00000,0x00000000ebd00000,0x00000000ed600000)
  from space 8704K, 0% used [0x00000000ed600000,0x00000000ed600000,0x00000000ede80000)
  to   space 8192K, 0% used [0x00000000ee800000,0x00000000ee800000,0x00000000ef000000)
 ParOldGen       total 44032K, used 22093K [0x00000000c3600000, 0x00000000c6100000, 0x00000000ebd00000)
  object space 44032K, 50% used [0x00000000c3600000,0x00000000c4b93580,0x00000000c6100000)
 Metaspace       used 35029K, capacity 35252K, committed 35496K, reserved 1081344K
  class space    used 4151K, capacity 4264K, committed 4272K, reserved 1048576K
}
Event: 741.838 GC heap before
{Heap before GC invocations=20 (full 2):
 PSYoungGen      total 34304K, used 25600K [0x00000000ebd00000, 0x00000000ef000000, 0x0000000100000000)
  eden space 25600K, 100% used [0x00000000ebd00000,0x00000000ed600000,0x00000000ed600000)
  from space 8704K, 0% used [0x00000000ed600000,0x00000000ed600000,0x00000000ede80000)
  to   space 8192K, 0% used [0x00000000ee800000,0x00000000ee800000,0x00000000ef000000)
 ParOldGen       total 44032K, used 22093K [0x00000000c3600000, 0x00000000c6100000, 0x00000000ebd00000)
  object space 44032K, 50% used [0x00000000c3600000,0x00000000c4b93580,0x00000000c6100000)
 Metaspace       used 36179K, capacity 36410K, committed 36648K, reserved 1081344K
  class space    used 4285K, capacity 4393K, committed 4400K, reserved 1048576K
Event: 741.854 GC heap after
Heap after GC invocations=20 (full 2):
 PSYoungGen      total 41472K, used 8189K [0x00000000ebd00000, 0x00000000ef500000, 0x0000000100000000)
  eden space 33280K, 0% used [0x00000000ebd00000,0x00000000ebd00000,0x00000000edd80000)
  from space 8192K, 99% used [0x00000000ee800000,0x00000000eefff738,0x00000000ef000000)
  to   space 10752K, 0% used [0x00000000edd80000,0x00000000edd80000,0x00000000ee800000)
 ParOldGen       total 44032K, used 24785K [0x00000000c3600000, 0x00000000c6100000, 0x00000000ebd00000)
  object space 44032K, 56% used [0x00000000c3600000,0x00000000c4e347c8,0x00000000c6100000)
 Metaspace       used 36179K, capacity 36410K, committed 36648K, reserved 1081344K
  class space    used 4285K, capacity 4393K, committed 4400K, reserved 1048576K
}
Event: 956.428 GC heap before
{Heap before GC invocations=21 (full 2):
 PSYoungGen      total 41472K, used 41469K [0x00000000ebd00000, 0x00000000ef500000, 0x0000000100000000)
  eden space 33280K, 100% used [0x00000000ebd00000,0x00000000edd80000,0x00000000edd80000)
  from space 8192K, 99% used [0x00000000ee800000,0x00000000eefff738,0x00000000ef000000)
  to   space 10752K, 0% used [0x00000000edd80000,0x00000000edd80000,0x00000000ee800000)
 ParOldGen       total 44032K, used 24785K [0x00000000c3600000, 0x00000000c6100000, 0x00000000ebd00000)
  object space 44032K, 56% used [0x00000000c3600000,0x00000000c4e347c8,0x00000000c6100000)
 Metaspace       used 36857K, capacity 37184K, committed 37544K, reserved 1083392K
  class space    used 4341K, capacity 4458K, committed 4528K, reserved 1048576K
Event: 956.441 GC heap after
Heap after GC invocations=21 (full 2):
 PSYoungGen      total 36864K, used 4456K [0x00000000ebd00000, 0x00000000ef080000, 0x0000000100000000)
  eden space 32256K, 0% used [0x00000000ebd00000,0x00000000ebd00000,0x00000000edc80000)
  from space 4608K, 96% used [0x00000000edd80000,0x00000000ee1da170,0x00000000ee200000)
  to   space 10240K, 0% used [0x00000000ee680000,0x00000000ee680000,0x00000000ef080000)
 ParOldGen       total 44032K, used 30578K [0x00000000c3600000, 0x00000000c6100000, 0x00000000ebd00000)
  object space 44032K, 69% used [0x00000000c3600000,0x00000000c53dc890,0x00000000c6100000)
 Metaspace       used 36857K, capacity 37184K, committed 37544K, reserved 1083392K
  class space    used 4341K, capacity 4458K, committed 4528K, reserved 1048576K
}

